<?xml version="1.0" encoding="UTF-8"?>
<!-- Generated by org.testng.reporters.JUnitXMLReporter -->
<testsuite ignored="1" hostname="DESKTOP-PI1E5HG" failures="0" tests="1" name="Error Validation Test" time="6.565" errors="0" timestamp="2023-09-24T23:53:51 IST">
  <testcase classname="vishwalearning.ErrorValidationTest" name="loginErrorValidation" time="1.637"/>
  <testcase classname="vishwalearning.ErrorValidationTest" name="ProductErrorValidation" time="0.0">
    <ignored/>
  </testcase> <!-- ProductErrorValidation -->
</testsuite> <!-- Error Validation Test -->
