<?xml version="1.0" encoding="UTF-8"?>
<testng-results ignored="0" total="1" passed="1" failed="0" skipped="0">
  <reporter-output>
  </reporter-output>
  <suite started-at="2023-09-24T23:53:44 IST" name="Suite" finished-at="2023-09-24T23:53:51 IST" duration-ms="6565">
    <groups>
      <group name="ErrorHandlingTests">
        <method signature="ErrorValidationTest.loginErrorValidation()[pri:0, instance:vishwalearning.ErrorValidationTest@6aa3a905]" name="loginErrorValidation" class="vishwalearning.ErrorValidationTest"/>
      </group> <!-- ErrorHandlingTests -->
    </groups>
    <test started-at="2023-09-24T23:53:44 IST" name="Base Test" finished-at="2023-09-24T23:53:50 IST" duration-ms="5373">
      <class name="vishwalearning.TestComponents.BaseTest">
        <test-method is-config="true" signature="launchApplication()[pri:0, instance:vishwalearning.TestComponents.BaseTest@59b38691]" started-at="2023-09-24T23:53:44 IST" name="launchApplication" finished-at="2023-09-24T23:53:50 IST" duration-ms="5210" status="PASS">
          <reporter-output>
          </reporter-output>
        </test-method> <!-- launchApplication -->
        <test-method is-config="true" signature="tearDown()[pri:0, instance:vishwalearning.TestComponents.BaseTest@59b38691]" started-at="2023-09-24T23:53:50 IST" name="tearDown" finished-at="2023-09-24T23:53:50 IST" duration-ms="145" status="PASS">
          <reporter-output>
          </reporter-output>
        </test-method> <!-- tearDown -->
      </class> <!-- vishwalearning.TestComponents.BaseTest -->
    </test> <!-- Base Test -->
    <test started-at="2023-09-24T23:53:44 IST" name="Submit Order Test" finished-at="2023-09-24T23:53:50 IST" duration-ms="5101">
      <class name="vishwalearning.SubmitOrderTest">
        <test-method is-config="true" signature="launchApplication()[pri:0, instance:vishwalearning.SubmitOrderTest@25aca718]" started-at="2023-09-24T23:53:44 IST" name="launchApplication" finished-at="2023-09-24T23:53:49 IST" duration-ms="4942" status="PASS">
          <reporter-output>
          </reporter-output>
        </test-method> <!-- launchApplication -->
        <test-method is-config="true" signature="tearDown()[pri:0, instance:vishwalearning.SubmitOrderTest@25aca718]" started-at="2023-09-24T23:53:49 IST" name="tearDown" finished-at="2023-09-24T23:53:50 IST" duration-ms="141" status="PASS">
          <reporter-output>
          </reporter-output>
        </test-method> <!-- tearDown -->
      </class> <!-- vishwalearning.SubmitOrderTest -->
    </test> <!-- Submit Order Test -->
    <test started-at="2023-09-24T23:53:44 IST" name="Error Validation Test" finished-at="2023-09-24T23:53:51 IST" duration-ms="6565">
      <class name="vishwalearning.ErrorValidationTest">
        <test-method is-config="true" signature="launchApplication()[pri:0, instance:vishwalearning.ErrorValidationTest@6aa3a905]" started-at="2023-09-24T23:53:44 IST" name="launchApplication" finished-at="2023-09-24T23:53:49 IST" duration-ms="4734" status="PASS">
          <reporter-output>
          </reporter-output>
        </test-method> <!-- launchApplication -->
        <test-method signature="loginErrorValidation()[pri:0, instance:vishwalearning.ErrorValidationTest@6aa3a905]" started-at="2023-09-24T23:53:49 IST" name="loginErrorValidation" finished-at="2023-09-24T23:53:51 IST" duration-ms="1637" status="PASS">
          <reporter-output>
          </reporter-output>
        </test-method> <!-- loginErrorValidation -->
        <test-method is-config="true" signature="tearDown()[pri:0, instance:vishwalearning.ErrorValidationTest@6aa3a905]" started-at="2023-09-24T23:53:51 IST" name="tearDown" finished-at="2023-09-24T23:53:51 IST" duration-ms="99" status="PASS">
          <reporter-output>
          </reporter-output>
        </test-method> <!-- tearDown -->
      </class> <!-- vishwalearning.ErrorValidationTest -->
    </test> <!-- Error Validation Test -->
  </suite> <!-- Suite -->
</testng-results>
